<?xml version="1.0" encoding="UTF-8"?>
<testng-results skipped="0" failed="0" ignored="0" total="1" passed="1">
  <reporter-output>
  </reporter-output>
  <suite name="Suite" duration-ms="9976" started-at="2021-05-31T12:50:36 IST" finished-at="2021-05-31T12:50:46 IST">
    <groups>
    </groups>
    <test name="Test" duration-ms="9976" started-at="2021-05-31T12:50:36 IST" finished-at="2021-05-31T12:50:46 IST">
      <class name="com.mvnjenkins.test.FirstIntTest">
        <test-method status="PASS" signature="firstMethod()[pri:0, instance:com.mvnjenkins.test.FirstIntTest@d8355a8]" name="firstMethod" duration-ms="9896" started-at="2021-05-31T12:50:36 IST" finished-at="2021-05-31T12:50:46 IST">
          <reporter-output>
          </reporter-output>
        </test-method> <!-- firstMethod -->
      </class> <!-- com.mvnjenkins.test.FirstIntTest -->
    </test> <!-- Test -->
  </suite> <!-- Suite -->
</testng-results>
